{"/Users/chandlerscott123/Desktop/sudoku-checker/src/js/sudoku.js": {"path":"/Users/chandlerscott123/Desktop/sudoku-checker/src/js/sudoku.js","statementMap":{"0":{"start":{"line":2,"column":2},"end":{"line":2,"column":19}},"1":{"start":{"line":3,"column":2},"end":{"line":3,"column":19}},"2":{"start":{"line":4,"column":2},"end":{"line":4,"column":19}},"3":{"start":{"line":5,"column":2},"end":{"line":5,"column":19}},"4":{"start":{"line":6,"column":2},"end":{"line":6,"column":19}},"5":{"start":{"line":7,"column":2},"end":{"line":7,"column":19}},"6":{"start":{"line":8,"column":2},"end":{"line":8,"column":19}},"7":{"start":{"line":9,"column":2},"end":{"line":9,"column":19}},"8":{"start":{"line":10,"column":2},"end":{"line":10,"column":19}},"9":{"start":{"line":12,"column":2},"end":{"line":13,"column":57}},"10":{"start":{"line":15,"column":2},"end":{"line":15,"column":22}},"11":{"start":{"line":16,"column":2},"end":{"line":16,"column":22}},"12":{"start":{"line":17,"column":2},"end":{"line":17,"column":22}},"13":{"start":{"line":18,"column":2},"end":{"line":18,"column":22}},"14":{"start":{"line":19,"column":2},"end":{"line":19,"column":22}},"15":{"start":{"line":20,"column":2},"end":{"line":20,"column":22}},"16":{"start":{"line":21,"column":2},"end":{"line":21,"column":22}},"17":{"start":{"line":22,"column":2},"end":{"line":22,"column":22}},"18":{"start":{"line":23,"column":2},"end":{"line":23,"column":22}},"19":{"start":{"line":25,"column":2},"end":{"line":26,"column":72}},"20":{"start":{"line":29,"column":2},"end":{"line":29,"column":20}},"21":{"start":{"line":30,"column":2},"end":{"line":30,"column":20}},"22":{"start":{"line":31,"column":2},"end":{"line":31,"column":20}},"23":{"start":{"line":32,"column":2},"end":{"line":32,"column":20}},"24":{"start":{"line":33,"column":2},"end":{"line":33,"column":20}},"25":{"start":{"line":34,"column":2},"end":{"line":34,"column":20}},"26":{"start":{"line":35,"column":2},"end":{"line":35,"column":20}},"27":{"start":{"line":36,"column":2},"end":{"line":36,"column":20}},"28":{"start":{"line":37,"column":2},"end":{"line":37,"column":20}},"29":{"start":{"line":39,"column":2},"end":{"line":40,"column":62}},"30":{"start":{"line":42,"column":2},"end":{"line":42,"column":21}},"31":{"start":{"line":43,"column":2},"end":{"line":43,"column":21}},"32":{"start":{"line":46,"column":0},"end":{"line":52,"column":1}},"33":{"start":{"line":47,"column":12},"end":{"line":47,"column":13}},"34":{"start":{"line":48,"column":2},"end":{"line":50,"column":3}},"35":{"start":{"line":48,"column":15},"end":{"line":48,"column":16}},"36":{"start":{"line":49,"column":4},"end":{"line":49,"column":20}},"37":{"start":{"line":51,"column":2},"end":{"line":51,"column":13}},"38":{"start":{"line":54,"column":0},"end":{"line":64,"column":1}},"39":{"start":{"line":55,"column":15},"end":{"line":55,"column":36}},"40":{"start":{"line":56,"column":18},"end":{"line":56,"column":42}},"41":{"start":{"line":57,"column":16},"end":{"line":57,"column":38}},"42":{"start":{"line":59,"column":2},"end":{"line":62,"column":3}},"43":{"start":{"line":60,"column":4},"end":{"line":60,"column":22}},"44":{"start":{"line":61,"column":4},"end":{"line":61,"column":16}},"45":{"start":{"line":63,"column":2},"end":{"line":63,"column":15}}},"fnMap":{"0":{"name":"Sudoku","decl":{"start":{"line":1,"column":24},"end":{"line":1,"column":30}},"loc":{"start":{"line":1,"column":40},"end":{"line":44,"column":1}},"line":1},"1":{"name":"(anonymous_1)","decl":{"start":{"line":46,"column":26},"end":{"line":46,"column":27}},"loc":{"start":{"line":46,"column":43},"end":{"line":52,"column":1}},"line":46},"2":{"name":"(anonymous_2)","decl":{"start":{"line":54,"column":27},"end":{"line":54,"column":28}},"loc":{"start":{"line":54,"column":39},"end":{"line":64,"column":1}},"line":54}},"branchMap":{"0":{"loc":{"start":{"line":59,"column":2},"end":{"line":62,"column":3}},"type":"if","locations":[{"start":{"line":59,"column":2},"end":{"line":62,"column":3}},{"start":{"line":59,"column":2},"end":{"line":62,"column":3}}],"line":59},"1":{"loc":{"start":{"line":59,"column":6},"end":{"line":59,"column":57}},"type":"binary-expr","locations":[{"start":{"line":59,"column":6},"end":{"line":59,"column":19}},{"start":{"line":59,"column":23},"end":{"line":59,"column":39}},{"start":{"line":59,"column":43},"end":{"line":59,"column":57}}],"line":59}},"s":{"0":2,"1":2,"2":2,"3":2,"4":2,"5":2,"6":2,"7":2,"8":2,"9":2,"10":2,"11":2,"12":2,"13":2,"14":2,"15":2,"16":2,"17":2,"18":2,"19":2,"20":2,"21":2,"22":2,"23":2,"24":2,"25":2,"26":2,"27":2,"28":2,"29":2,"30":2,"31":2,"32":1,"33":6,"34":6,"35":6,"36":54,"37":6,"38":1,"39":2,"40":2,"41":2,"42":2,"43":1,"44":1,"45":1},"f":{"0":2,"1":6,"2":2},"b":{"0":[1,1],"1":[2,2,1]},"_coverageSchema":"43e27e138ebf9cfc5966b082cf9a028302ed4184","hash":"2b68009862300e1cc966444dde85f1b116b95cb7"}
}
