TN:
SF:/Users/chandlerscott123/Desktop/sudoku-checker/src/js/sudoku.js
FN:1,Sudoku
FN:46,(anonymous_1)
FN:54,(anonymous_2)
FNF:3
FNH:3
FNDA:2,Sudoku
FNDA:6,(anonymous_1)
FNDA:2,(anonymous_2)
DA:2,2
DA:3,2
DA:4,2
DA:5,2
DA:6,2
DA:7,2
DA:8,2
DA:9,2
DA:10,2
DA:12,2
DA:15,2
DA:16,2
DA:17,2
DA:18,2
DA:19,2
DA:20,2
DA:21,2
DA:22,2
DA:23,2
DA:25,2
DA:29,2
DA:30,2
DA:31,2
DA:32,2
DA:33,2
DA:34,2
DA:35,2
DA:36,2
DA:37,2
DA:39,2
DA:42,2
DA:43,2
DA:46,1
DA:47,6
DA:48,6
DA:49,54
DA:51,6
DA:54,1
DA:55,2
DA:56,2
DA:57,2
DA:59,2
DA:60,1
DA:61,1
DA:63,1
LF:45
LH:45
BRDA:59,0,0,1
BRDA:59,0,1,1
BRDA:59,1,0,2
BRDA:59,1,1,2
BRDA:59,1,2,1
BRF:5
BRH:5
end_of_record
